==34236== Memcheck, a memory error detector
==34236== Copyright (C) 2002-2017, and GNU GPL'd, by Julian Seward et al.
==34236== Using Valgrind-3.18.1 and LibVEX; rerun with -h for copyright info
==34236== Command: ./minishell
==34236== Parent PID: 34222
==34236== 
==34236== 
==34236== FILE DESCRIPTORS: 4 open (3 std) at exit.
==34236== Open file descriptor 3: /home/lhenriqu/GitHub/minishell/valgrind.log
==34236==    <inherited from parent>
==34236== 
==34236== 
==34236== HEAP SUMMARY:
==34236==     in use at exit: 208,645 bytes in 246 blocks
==34236==   total heap usage: 895 allocs, 649 frees, 375,453 bytes allocated
==34236== 
==34236== LEAK SUMMARY:
==34236==    definitely lost: 0 bytes in 0 blocks
==34236==    indirectly lost: 0 bytes in 0 blocks
==34236==      possibly lost: 0 bytes in 0 blocks
==34236==    still reachable: 0 bytes in 0 blocks
==34236==         suppressed: 208,645 bytes in 246 blocks
==34236== 
==34236== ERROR SUMMARY: 0 errors from 0 contexts (suppressed: 1 from 1)
--34236-- 
--34236-- used_suppression:     67 ignore_libreadline_memory_errors ./readline.supp:2 suppressed: 208,645 bytes in 246 blocks
==34236== 
==34236== ERROR SUMMARY: 0 errors from 0 contexts (suppressed: 1 from 1)
